[24-Apr-2019 01:10:15 UTC] PHP Warning:  include(dbConnection.php): failed to open stream: No such file or directory in /home/ubuntu/workspace/cst336/labs/8/php/addLikes.php on line 4
[24-Apr-2019 01:10:15 UTC] PHP Stack trace:
[24-Apr-2019 01:10:15 UTC] PHP   1. {main}() /home/ubuntu/workspace/cst336/labs/8/php/addLikes.php:0
[24-Apr-2019 01:10:15 UTC] PHP Warning:  include(): Failed opening 'dbConnection.php' for inclusion (include_path='.:/usr/share/php:/usr/share/pear') in /home/ubuntu/workspace/cst336/labs/8/php/addLikes.php on line 4
[24-Apr-2019 01:10:15 UTC] PHP Stack trace:
[24-Apr-2019 01:10:15 UTC] PHP   1. {main}() /home/ubuntu/workspace/cst336/labs/8/php/addLikes.php:0
[24-Apr-2019 01:10:15 UTC] PHP Fatal error:  Call to undefined function getDatabaseConnection() in /home/ubuntu/workspace/cst336/labs/8/php/addLikes.php on line 5
[24-Apr-2019 01:10:15 UTC] PHP Stack trace:
[24-Apr-2019 01:10:15 UTC] PHP   1. {main}() /home/ubuntu/workspace/cst336/labs/8/php/addLikes.php:0
[24-Apr-2019 01:11:10 UTC] PHP Warning:  include(dbConnection.php): failed to open stream: No such file or directory in /home/ubuntu/workspace/cst336/labs/8/php/addLikes.php on line 4
[24-Apr-2019 01:11:10 UTC] PHP Stack trace:
[24-Apr-2019 01:11:10 UTC] PHP   1. {main}() /home/ubuntu/workspace/cst336/labs/8/php/addLikes.php:0
[24-Apr-2019 01:11:10 UTC] PHP Warning:  include(): Failed opening 'dbConnection.php' for inclusion (include_path='.:/usr/share/php:/usr/share/pear') in /home/ubuntu/workspace/cst336/labs/8/php/addLikes.php on line 4
[24-Apr-2019 01:11:10 UTC] PHP Stack trace:
[24-Apr-2019 01:11:10 UTC] PHP   1. {main}() /home/ubuntu/workspace/cst336/labs/8/php/addLikes.php:0
[24-Apr-2019 01:11:10 UTC] PHP Fatal error:  Call to undefined function getDatabaseConnection() in /home/ubuntu/workspace/cst336/labs/8/php/addLikes.php on line 5
[24-Apr-2019 01:11:10 UTC] PHP Stack trace:
[24-Apr-2019 01:11:10 UTC] PHP   1. {main}() /home/ubuntu/workspace/cst336/labs/8/php/addLikes.php:0
[24-Apr-2019 01:11:55 UTC] PHP Warning:  include(dbConnection.php): failed to open stream: No such file or directory in /home/ubuntu/workspace/cst336/labs/8/php/addLikes.php on line 4
[24-Apr-2019 01:11:55 UTC] PHP Stack trace:
[24-Apr-2019 01:11:55 UTC] PHP   1. {main}() /home/ubuntu/workspace/cst336/labs/8/php/addLikes.php:0
[24-Apr-2019 01:11:55 UTC] PHP Warning:  include(): Failed opening 'dbConnection.php' for inclusion (include_path='.:/usr/share/php:/usr/share/pear') in /home/ubuntu/workspace/cst336/labs/8/php/addLikes.php on line 4
[24-Apr-2019 01:11:55 UTC] PHP Stack trace:
[24-Apr-2019 01:11:55 UTC] PHP   1. {main}() /home/ubuntu/workspace/cst336/labs/8/php/addLikes.php:0
[24-Apr-2019 01:11:55 UTC] PHP Fatal error:  Call to undefined function getDatabaseConnection() in /home/ubuntu/workspace/cst336/labs/8/php/addLikes.php on line 5
[24-Apr-2019 01:11:55 UTC] PHP Stack trace:
[24-Apr-2019 01:11:55 UTC] PHP   1. {main}() /home/ubuntu/workspace/cst336/labs/8/php/addLikes.php:0
[24-Apr-2019 01:12:37 UTC] PHP Warning:  include(dbConnection.php): failed to open stream: No such file or directory in /home/ubuntu/workspace/cst336/labs/8/php/addLikes.php on line 4
[24-Apr-2019 01:12:37 UTC] PHP Stack trace:
[24-Apr-2019 01:12:37 UTC] PHP   1. {main}() /home/ubuntu/workspace/cst336/labs/8/php/addLikes.php:0
[24-Apr-2019 01:12:37 UTC] PHP Warning:  include(): Failed opening 'dbConnection.php' for inclusion (include_path='.:/usr/share/php:/usr/share/pear') in /home/ubuntu/workspace/cst336/labs/8/php/addLikes.php on line 4
[24-Apr-2019 01:12:37 UTC] PHP Stack trace:
[24-Apr-2019 01:12:37 UTC] PHP   1. {main}() /home/ubuntu/workspace/cst336/labs/8/php/addLikes.php:0
[24-Apr-2019 01:12:37 UTC] PHP Fatal error:  Call to undefined function getDatabaseConnection() in /home/ubuntu/workspace/cst336/labs/8/php/addLikes.php on line 5
[24-Apr-2019 01:12:37 UTC] PHP Stack trace:
[24-Apr-2019 01:12:37 UTC] PHP   1. {main}() /home/ubuntu/workspace/cst336/labs/8/php/addLikes.php:0
[24-Apr-2019 01:13:31 UTC] PHP Warning:  include(dbConnection.php): failed to open stream: No such file or directory in /home/ubuntu/workspace/cst336/labs/8/php/addLikes.php on line 4
[24-Apr-2019 01:13:31 UTC] PHP Stack trace:
[24-Apr-2019 01:13:31 UTC] PHP   1. {main}() /home/ubuntu/workspace/cst336/labs/8/php/addLikes.php:0
[24-Apr-2019 01:13:31 UTC] PHP Warning:  include(): Failed opening 'dbConnection.php' for inclusion (include_path='.:/usr/share/php:/usr/share/pear') in /home/ubuntu/workspace/cst336/labs/8/php/addLikes.php on line 4
[24-Apr-2019 01:13:31 UTC] PHP Stack trace:
[24-Apr-2019 01:13:31 UTC] PHP   1. {main}() /home/ubuntu/workspace/cst336/labs/8/php/addLikes.php:0
[24-Apr-2019 01:13:31 UTC] PHP Fatal error:  Call to undefined function getDatabaseConnection() in /home/ubuntu/workspace/cst336/labs/8/php/addLikes.php on line 5
[24-Apr-2019 01:13:31 UTC] PHP Stack trace:
[24-Apr-2019 01:13:31 UTC] PHP   1. {main}() /home/ubuntu/workspace/cst336/labs/8/php/addLikes.php:0
[24-Apr-2019 02:04:52 UTC] PHP Fatal error:  Uncaught exception 'PDOException' with message 'SQLSTATE[42000]: Syntax error or access violation: 1064 You have an error in your SQL syntax; check the manual that corresponds to your MySQL server version for the right syntax to use near '://pixabay.com/get/e831b2072bfc003ed1584d05fb1d4393eb7ee6d611ac104490f6c17ea6e9b' at line 1' in /home/ubuntu/workspace/cst336/labs/8/php/removeLikes.php:12
Stack trace:
#0 /home/ubuntu/workspace/cst336/labs/8/php/removeLikes.php(12): PDOStatement->execute()
#1 {main}
  thrown in /home/ubuntu/workspace/cst336/labs/8/php/removeLikes.php on line 12
[24-Apr-2019 02:07:14 UTC] PHP Fatal error:  Uncaught exception 'PDOException' with message 'SQLSTATE[42000]: Syntax error or access violation: 1064 You have an error in your SQL syntax; check the manual that corresponds to your MySQL server version for the right syntax to use near '://pixabay.com/get/e831b2072bf3093ed1584d05fb1d4393eb7ee6d611ac104490f6c17ea6ebb' at line 1' in /home/ubuntu/workspace/cst336/labs/8/php/removeLikes.php:12
Stack trace:
#0 /home/ubuntu/workspace/cst336/labs/8/php/removeLikes.php(12): PDOStatement->execute()
#1 {main}
  thrown in /home/ubuntu/workspace/cst336/labs/8/php/removeLikes.php on line 12
[24-Apr-2019 02:08:51 UTC] PHP Fatal error:  Uncaught exception 'PDOException' with message 'SQLSTATE[42000]: Syntax error or access violation: 1064 You have an error in your SQL syntax; check the manual that corresponds to your MySQL server version for the right syntax to use near '://pixabay.com/get/e831b2072bf3093ed1584d05fb1d4393eb7ee6d611ac104490f6c17ea6eab' at line 1' in /home/ubuntu/workspace/cst336/labs/8/php/removeLikes.php:12
Stack trace:
#0 /home/ubuntu/workspace/cst336/labs/8/php/removeLikes.php(12): PDOStatement->execute()
#1 {main}
  thrown in /home/ubuntu/workspace/cst336/labs/8/php/removeLikes.php on line 12
