[04-Apr-2019 00:17:37 UTC] PHP Fatal error:  Uncaught exception 'PDOException' with message 'SQLSTATE[HY000] [1045] Access denied for user 'jahenderson'@'localhost' (using password: NO)' in /home/ubuntu/workspace/cst336/examples/dashboard/login.php:34
Stack trace:
#0 /home/ubuntu/workspace/cst336/examples/dashboard/login.php(34): PDO->__construct('mysql:host=127....', 'jahenderson', '')
#1 {main}
  thrown in /home/ubuntu/workspace/cst336/examples/dashboard/login.php on line 34
[04-Apr-2019 00:17:39 UTC] PHP Fatal error:  Uncaught exception 'PDOException' with message 'SQLSTATE[HY000] [1045] Access denied for user 'jahenderson'@'localhost' (using password: NO)' in /home/ubuntu/workspace/cst336/examples/dashboard/login.php:34
Stack trace:
#0 /home/ubuntu/workspace/cst336/examples/dashboard/login.php(34): PDO->__construct('mysql:host=127....', 'jahenderson', '')
#1 {main}
  thrown in /home/ubuntu/workspace/cst336/examples/dashboard/login.php on line 34
[04-Apr-2019 00:17:49 UTC] PHP Fatal error:  Uncaught exception 'PDOException' with message 'SQLSTATE[HY000] [1045] Access denied for user 'jahenderson'@'localhost' (using password: NO)' in /home/ubuntu/workspace/cst336/examples/dashboard/login.php:34
Stack trace:
#0 /home/ubuntu/workspace/cst336/examples/dashboard/login.php(34): PDO->__construct('mysql:host=127....', 'jahenderson', '')
#1 {main}
  thrown in /home/ubuntu/workspace/cst336/examples/dashboard/login.php on line 34
[04-Apr-2019 16:51:19 UTC] PHP Fatal error:  Uncaught exception 'PDOException' with message 'SQLSTATE[42S02]: Base table or view not found: 1146 Table 'dashboard.user' doesn't exist' in /home/ubuntu/workspace/cst336/examples/dashboard/login.php:41
Stack trace:
#0 /home/ubuntu/workspace/cst336/examples/dashboard/login.php(41): PDOStatement->execute(Array)
#1 {main}
  thrown in /home/ubuntu/workspace/cst336/examples/dashboard/login.php on line 41
