[27-Mar-2019 23:52:16 UTC] PHP Fatal error:  Uncaught exception 'PDOException' with message 'SQLSTATE[42000]: Syntax error or access violation: 1064 You have an error in your SQL syntax; check the manual that corresponds to your MySQL server version for the right syntax to use near 'match ORDER BY user_id' at line 1' in /home/ubuntu/workspace/cst336/midterm/midterm/api/matchHistory.php:8
Stack trace:
#0 /home/ubuntu/workspace/cst336/midterm/midterm/api/matchHistory.php(8): PDOStatement->execute()
#1 {main}
  thrown in /home/ubuntu/workspace/cst336/midterm/midterm/api/matchHistory.php on line 8
[27-Mar-2019 23:53:21 UTC] PHP Fatal error:  Uncaught exception 'PDOException' with message 'SQLSTATE[42000]: Syntax error or access violation: 1064 You have an error in your SQL syntax; check the manual that corresponds to your MySQL server version for the right syntax to use near 'match ORDER BY match.user_id' at line 1' in /home/ubuntu/workspace/cst336/midterm/midterm/api/matchHistory.php:8
Stack trace:
#0 /home/ubuntu/workspace/cst336/midterm/midterm/api/matchHistory.php(8): PDOStatement->execute()
#1 {main}
  thrown in /home/ubuntu/workspace/cst336/midterm/midterm/api/matchHistory.php on line 8
[27-Mar-2019 23:54:35 UTC] PHP Fatal error:  Uncaught exception 'PDOException' with message 'SQLSTATE[42000]: Syntax error or access violation: 1064 You have an error in your SQL syntax; check the manual that corresponds to your MySQL server version for the right syntax to use near 'match ORDER BY match.user_id ASC LIMIT 0 , 30' at line 1' in /home/ubuntu/workspace/cst336/midterm/midterm/api/matchHistory.php:8
Stack trace:
#0 /home/ubuntu/workspace/cst336/midterm/midterm/api/matchHistory.php(8): PDOStatement->execute()
#1 {main}
  thrown in /home/ubuntu/workspace/cst336/midterm/midterm/api/matchHistory.php on line 8
[27-Mar-2019 23:55:05 UTC] PHP Fatal error:  Uncaught exception 'PDOException' with message 'SQLSTATE[42000]: Syntax error or access violation: 1064 You have an error in your SQL syntax; check the manual that corresponds to your MySQL server version for the right syntax to use near 'match ORDER BY ser_id' at line 1' in /home/ubuntu/workspace/cst336/midterm/midterm/api/matchHistory.php:8
Stack trace:
#0 /home/ubuntu/workspace/cst336/midterm/midterm/api/matchHistory.php(8): PDOStatement->execute()
#1 {main}
  thrown in /home/ubuntu/workspace/cst336/midterm/midterm/api/matchHistory.php on line 8
[27-Mar-2019 23:55:38 UTC] PHP Fatal error:  Uncaught exception 'PDOException' with message 'SQLSTATE[42000]: Syntax error or access violation: 1064 You have an error in your SQL syntax; check the manual that corresponds to your MySQL server version for the right syntax to use near 'match ORDER BY user_id' at line 1' in /home/ubuntu/workspace/cst336/midterm/midterm/api/matchHistory.php:8
Stack trace:
#0 /home/ubuntu/workspace/cst336/midterm/midterm/api/matchHistory.php(8): PDOStatement->execute()
#1 {main}
  thrown in /home/ubuntu/workspace/cst336/midterm/midterm/api/matchHistory.php on line 8
[27-Mar-2019 23:55:40 UTC] PHP Fatal error:  Uncaught exception 'PDOException' with message 'SQLSTATE[42000]: Syntax error or access violation: 1064 You have an error in your SQL syntax; check the manual that corresponds to your MySQL server version for the right syntax to use near 'match ORDER BY user_id' at line 1' in /home/ubuntu/workspace/cst336/midterm/midterm/api/matchHistory.php:8
Stack trace:
#0 /home/ubuntu/workspace/cst336/midterm/midterm/api/matchHistory.php(8): PDOStatement->execute()
#1 {main}
  thrown in /home/ubuntu/workspace/cst336/midterm/midterm/api/matchHistory.php on line 8
[28-Mar-2019 00:30:54 UTC] PHP Fatal error:  Uncaught exception 'PDOException' with message 'SQLSTATE[42S22]: Column not found: 1054 Unknown column 'match.user_id' in 'order clause'' in /home/ubuntu/workspace/cst336/midterm/midterm/api/matchHistory.php:17
Stack trace:
#0 /home/ubuntu/workspace/cst336/midterm/midterm/api/matchHistory.php(17): PDOStatement->execute()
#1 {main}
  thrown in /home/ubuntu/workspace/cst336/midterm/midterm/api/matchHistory.php on line 17
[28-Mar-2019 00:31:42 UTC] PHP Fatal error:  Uncaught exception 'PDOException' with message 'SQLSTATE[42S22]: Column not found: 1054 Unknown column 'match.user_id' in 'order clause'' in /home/ubuntu/workspace/cst336/midterm/midterm/api/matchHistory.php:16
Stack trace:
#0 /home/ubuntu/workspace/cst336/midterm/midterm/api/matchHistory.php(16): PDOStatement->execute()
#1 {main}
  thrown in /home/ubuntu/workspace/cst336/midterm/midterm/api/matchHistory.php on line 16
