[21-Mar-2019 18:13:15 UTC] PHP Fatal error:  Uncaught exception 'PDOException' with message 'SQLSTATE[HY000] [1045] Access denied for user 'Peerni95'@'localhost' (using password: NO)' in /home/ubuntu/workspace/cst336/labs/6/dbConnection.php:8
Stack trace:
#0 /home/ubuntu/workspace/cst336/labs/6/dbConnection.php(8): PDO->__construct('mysql:host=loca...', 'Peerni95', '')
#1 /home/ubuntu/workspace/cst336/labs/6/api/getCategories.php(4): getDatabaseConnection('ottermart')
#2 {main}
  thrown in /home/ubuntu/workspace/cst336/labs/6/dbConnection.php on line 8
[21-Mar-2019 18:13:54 UTC] PHP Fatal error:  Uncaught exception 'PDOException' with message 'SQLSTATE[HY000] [1045] Access denied for user 'Peerni95'@'localhost' (using password: NO)' in /home/ubuntu/workspace/cst336/labs/6/dbConnection.php:8
Stack trace:
#0 /home/ubuntu/workspace/cst336/labs/6/dbConnection.php(8): PDO->__construct('mysql:host=loca...', 'Peerni95', '')
#1 /home/ubuntu/workspace/cst336/labs/6/api/getCategories.php(4): getDatabaseConnection('ottermart')
#2 {main}
  thrown in /home/ubuntu/workspace/cst336/labs/6/dbConnection.php on line 8
[21-Mar-2019 18:14:04 UTC] PHP Fatal error:  Uncaught exception 'PDOException' with message 'SQLSTATE[HY000] [1045] Access denied for user 'Peerni95'@'localhost' (using password: NO)' in /home/ubuntu/workspace/cst336/labs/6/dbConnection.php:8
Stack trace:
#0 /home/ubuntu/workspace/cst336/labs/6/dbConnection.php(8): PDO->__construct('mysql:host=loca...', 'Peerni95', '')
#1 /home/ubuntu/workspace/cst336/labs/6/api/getCategories.php(4): getDatabaseConnection('ottermart')
#2 {main}
  thrown in /home/ubuntu/workspace/cst336/labs/6/dbConnection.php on line 8
[26-Mar-2019 00:44:10 UTC] PHP Fatal error:  Uncaught exception 'PDOException' with message 'SQLSTATE[3D000]: Invalid catalog name: 1046 No database selected' in /home/ubuntu/workspace/cst336/labs/6/api/getCategories.php:9
Stack trace:
#0 /home/ubuntu/workspace/cst336/labs/6/api/getCategories.php(9): PDOStatement->execute()
#1 {main}
  thrown in /home/ubuntu/workspace/cst336/labs/6/api/getCategories.php on line 9
