[05-Mar-2019 23:36:58 UTC] PHP Fatal error:  Call to undefined function includes() in /home/ubuntu/workspace/cst336/labs/5/php/checkusername.php on line 18
[05-Mar-2019 23:36:58 UTC] PHP Stack trace:
[05-Mar-2019 23:36:58 UTC] PHP   1. {main}() /home/ubuntu/workspace/cst336/labs/5/php/checkusername.php:0
[05-Mar-2019 23:45:35 UTC] PHP Warning:  require_once(dbConnect.php): failed to open stream: No such file or directory in /home/ubuntu/workspace/cst336/labs/5/php/checkusername.php on line 27
[05-Mar-2019 23:45:35 UTC] PHP Stack trace:
[05-Mar-2019 23:45:35 UTC] PHP   1. {main}() /home/ubuntu/workspace/cst336/labs/5/php/checkusername.php:0
[05-Mar-2019 23:45:35 UTC] PHP Fatal error:  require_once(): Failed opening required 'dbConnect.php' (include_path='.:/usr/share/php:/usr/share/pear') in /home/ubuntu/workspace/cst336/labs/5/php/checkusername.php on line 27
[05-Mar-2019 23:45:35 UTC] PHP Stack trace:
[05-Mar-2019 23:45:35 UTC] PHP   1. {main}() /home/ubuntu/workspace/cst336/labs/5/php/checkusername.php:0
[05-Mar-2019 23:45:36 UTC] PHP Warning:  require_once(dbConnect.php): failed to open stream: No such file or directory in /home/ubuntu/workspace/cst336/labs/5/php/checkusername.php on line 27
[05-Mar-2019 23:45:36 UTC] PHP Stack trace:
[05-Mar-2019 23:45:36 UTC] PHP   1. {main}() /home/ubuntu/workspace/cst336/labs/5/php/checkusername.php:0
[05-Mar-2019 23:45:36 UTC] PHP Fatal error:  require_once(): Failed opening required 'dbConnect.php' (include_path='.:/usr/share/php:/usr/share/pear') in /home/ubuntu/workspace/cst336/labs/5/php/checkusername.php on line 27
[05-Mar-2019 23:45:36 UTC] PHP Stack trace:
[05-Mar-2019 23:45:36 UTC] PHP   1. {main}() /home/ubuntu/workspace/cst336/labs/5/php/checkusername.php:0
[05-Mar-2019 23:45:56 UTC] PHP Warning:  require_once(dbConnect.php): failed to open stream: No such file or directory in /home/ubuntu/workspace/cst336/labs/5/php/checkusername.php on line 27
[05-Mar-2019 23:45:56 UTC] PHP Stack trace:
[05-Mar-2019 23:45:56 UTC] PHP   1. {main}() /home/ubuntu/workspace/cst336/labs/5/php/checkusername.php:0
[05-Mar-2019 23:45:56 UTC] PHP Fatal error:  require_once(): Failed opening required 'dbConnect.php' (include_path='.:/usr/share/php:/usr/share/pear') in /home/ubuntu/workspace/cst336/labs/5/php/checkusername.php on line 27
[05-Mar-2019 23:45:56 UTC] PHP Stack trace:
[05-Mar-2019 23:45:56 UTC] PHP   1. {main}() /home/ubuntu/workspace/cst336/labs/5/php/checkusername.php:0
