[21-Mar-2019 18:13:15 UTC] PHP Fatal error:  Uncaught exception 'PDOException' with message 'SQLSTATE[HY000] [1045] Access denied for user 'Peerni95'@'localhost' (using password: NO)' in /home/ubuntu/workspace/cst336/labs/6/dbConnection.php:8
Stack trace:
#0 /home/ubuntu/workspace/cst336/labs/6/dbConnection.php(8): PDO->__construct('mysql:host=loca...', 'Peerni95', '')
#1 /home/ubuntu/workspace/cst336/labs/6/api/getCategories.php(4): getDatabaseConnection('ottermart')
#2 {main}
  thrown in /home/ubuntu/workspace/cst336/labs/6/dbConnection.php on line 8
[21-Mar-2019 18:13:54 UTC] PHP Fatal error:  Uncaught exception 'PDOException' with message 'SQLSTATE[HY000] [1045] Access denied for user 'Peerni95'@'localhost' (using password: NO)' in /home/ubuntu/workspace/cst336/labs/6/dbConnection.php:8
Stack trace:
#0 /home/ubuntu/workspace/cst336/labs/6/dbConnection.php(8): PDO->__construct('mysql:host=loca...', 'Peerni95', '')
#1 /home/ubuntu/workspace/cst336/labs/6/api/getCategories.php(4): getDatabaseConnection('ottermart')
#2 {main}
  thrown in /home/ubuntu/workspace/cst336/labs/6/dbConnection.php on line 8
[21-Mar-2019 18:14:04 UTC] PHP Fatal error:  Uncaught exception 'PDOException' with message 'SQLSTATE[HY000] [1045] Access denied for user 'Peerni95'@'localhost' (using password: NO)' in /home/ubuntu/workspace/cst336/labs/6/dbConnection.php:8
Stack trace:
#0 /home/ubuntu/workspace/cst336/labs/6/dbConnection.php(8): PDO->__construct('mysql:host=loca...', 'Peerni95', '')
#1 /home/ubuntu/workspace/cst336/labs/6/api/getCategories.php(4): getDatabaseConnection('ottermart')
#2 {main}
  thrown in /home/ubuntu/workspace/cst336/labs/6/dbConnection.php on line 8
[26-Mar-2019 00:44:10 UTC] PHP Fatal error:  Uncaught exception 'PDOException' with message 'SQLSTATE[3D000]: Invalid catalog name: 1046 No database selected' in /home/ubuntu/workspace/cst336/labs/6/api/getCategories.php:9
Stack trace:
#0 /home/ubuntu/workspace/cst336/labs/6/api/getCategories.php(9): PDOStatement->execute()
#1 {main}
  thrown in /home/ubuntu/workspace/cst336/labs/6/api/getCategories.php on line 9
[26-Mar-2019 03:40:52 UTC] PHP Fatal error:  Uncaught exception 'PDOException' with message 'SQLSTATE[3D000]: Invalid catalog name: 1046 No database selected' in /home/ubuntu/workspace/cst336/labs/6/api/getCategories.php:9
Stack trace:
#0 /home/ubuntu/workspace/cst336/labs/6/api/getCategories.php(9): PDOStatement->execute()
#1 {main}
  thrown in /home/ubuntu/workspace/cst336/labs/6/api/getCategories.php on line 9
[26-Mar-2019 19:09:24 UTC] PHP Fatal error:  Uncaught exception 'PDOException' with message 'SQLSTATE[3D000]: Invalid catalog name: 1046 No database selected' in /home/ubuntu/workspace/cst336/labs/6/api/getCategories.php:9
Stack trace:
#0 /home/ubuntu/workspace/cst336/labs/6/api/getCategories.php(9): PDOStatement->execute()
#1 {main}
  thrown in /home/ubuntu/workspace/cst336/labs/6/api/getCategories.php on line 9
[26-Mar-2019 19:09:27 UTC] PHP Warning:  include(labs/6/dbConnection.php): failed to open stream: No such file or directory in /home/ubuntu/workspace/cst336/labs/6/api/getSearchResults.php on line 2
[26-Mar-2019 19:09:27 UTC] PHP Stack trace:
[26-Mar-2019 19:09:27 UTC] PHP   1. {main}() /home/ubuntu/workspace/cst336/labs/6/api/getSearchResults.php:0
[26-Mar-2019 19:09:27 UTC] PHP Warning:  include(): Failed opening 'labs/6/dbConnection.php' for inclusion (include_path='.:/usr/share/php:/usr/share/pear') in /home/ubuntu/workspace/cst336/labs/6/api/getSearchResults.php on line 2
[26-Mar-2019 19:09:27 UTC] PHP Stack trace:
[26-Mar-2019 19:09:27 UTC] PHP   1. {main}() /home/ubuntu/workspace/cst336/labs/6/api/getSearchResults.php:0
[26-Mar-2019 19:09:27 UTC] PHP Fatal error:  Call to undefined function getDatabaseConnection() in /home/ubuntu/workspace/cst336/labs/6/api/getSearchResults.php on line 3
[26-Mar-2019 19:09:27 UTC] PHP Stack trace:
[26-Mar-2019 19:09:27 UTC] PHP   1. {main}() /home/ubuntu/workspace/cst336/labs/6/api/getSearchResults.php:0
[26-Mar-2019 19:09:29 UTC] PHP Warning:  include(labs/6/dbConnection.php): failed to open stream: No such file or directory in /home/ubuntu/workspace/cst336/labs/6/api/getSearchResults.php on line 2
[26-Mar-2019 19:09:29 UTC] PHP Stack trace:
[26-Mar-2019 19:09:29 UTC] PHP   1. {main}() /home/ubuntu/workspace/cst336/labs/6/api/getSearchResults.php:0
[26-Mar-2019 19:09:29 UTC] PHP Warning:  include(): Failed opening 'labs/6/dbConnection.php' for inclusion (include_path='.:/usr/share/php:/usr/share/pear') in /home/ubuntu/workspace/cst336/labs/6/api/getSearchResults.php on line 2
[26-Mar-2019 19:09:29 UTC] PHP Stack trace:
[26-Mar-2019 19:09:29 UTC] PHP   1. {main}() /home/ubuntu/workspace/cst336/labs/6/api/getSearchResults.php:0
[26-Mar-2019 19:09:29 UTC] PHP Fatal error:  Call to undefined function getDatabaseConnection() in /home/ubuntu/workspace/cst336/labs/6/api/getSearchResults.php on line 3
[26-Mar-2019 19:09:29 UTC] PHP Stack trace:
[26-Mar-2019 19:09:29 UTC] PHP   1. {main}() /home/ubuntu/workspace/cst336/labs/6/api/getSearchResults.php:0
[26-Mar-2019 19:09:29 UTC] PHP Warning:  include(labs/6/dbConnection.php): failed to open stream: No such file or directory in /home/ubuntu/workspace/cst336/labs/6/api/getSearchResults.php on line 2
[26-Mar-2019 19:09:29 UTC] PHP Stack trace:
[26-Mar-2019 19:09:29 UTC] PHP   1. {main}() /home/ubuntu/workspace/cst336/labs/6/api/getSearchResults.php:0
[26-Mar-2019 19:09:29 UTC] PHP Warning:  include(): Failed opening 'labs/6/dbConnection.php' for inclusion (include_path='.:/usr/share/php:/usr/share/pear') in /home/ubuntu/workspace/cst336/labs/6/api/getSearchResults.php on line 2
[26-Mar-2019 19:09:29 UTC] PHP Stack trace:
[26-Mar-2019 19:09:29 UTC] PHP   1. {main}() /home/ubuntu/workspace/cst336/labs/6/api/getSearchResults.php:0
[26-Mar-2019 19:09:29 UTC] PHP Fatal error:  Call to undefined function getDatabaseConnection() in /home/ubuntu/workspace/cst336/labs/6/api/getSearchResults.php on line 3
[26-Mar-2019 19:09:29 UTC] PHP Stack trace:
[26-Mar-2019 19:09:29 UTC] PHP   1. {main}() /home/ubuntu/workspace/cst336/labs/6/api/getSearchResults.php:0
[26-Mar-2019 19:09:30 UTC] PHP Warning:  include(labs/6/dbConnection.php): failed to open stream: No such file or directory in /home/ubuntu/workspace/cst336/labs/6/api/getSearchResults.php on line 2
[26-Mar-2019 19:09:30 UTC] PHP Stack trace:
[26-Mar-2019 19:09:30 UTC] PHP   1. {main}() /home/ubuntu/workspace/cst336/labs/6/api/getSearchResults.php:0
[26-Mar-2019 19:09:30 UTC] PHP Warning:  include(): Failed opening 'labs/6/dbConnection.php' for inclusion (include_path='.:/usr/share/php:/usr/share/pear') in /home/ubuntu/workspace/cst336/labs/6/api/getSearchResults.php on line 2
[26-Mar-2019 19:09:30 UTC] PHP Stack trace:
[26-Mar-2019 19:09:30 UTC] PHP   1. {main}() /home/ubuntu/workspace/cst336/labs/6/api/getSearchResults.php:0
[26-Mar-2019 19:09:30 UTC] PHP Fatal error:  Call to undefined function getDatabaseConnection() in /home/ubuntu/workspace/cst336/labs/6/api/getSearchResults.php on line 3
[26-Mar-2019 19:09:30 UTC] PHP Stack trace:
[26-Mar-2019 19:09:30 UTC] PHP   1. {main}() /home/ubuntu/workspace/cst336/labs/6/api/getSearchResults.php:0
[26-Mar-2019 19:09:30 UTC] PHP Warning:  include(labs/6/dbConnection.php): failed to open stream: No such file or directory in /home/ubuntu/workspace/cst336/labs/6/api/getSearchResults.php on line 2
[26-Mar-2019 19:09:30 UTC] PHP Stack trace:
[26-Mar-2019 19:09:30 UTC] PHP   1. {main}() /home/ubuntu/workspace/cst336/labs/6/api/getSearchResults.php:0
[26-Mar-2019 19:09:30 UTC] PHP Warning:  include(): Failed opening 'labs/6/dbConnection.php' for inclusion (include_path='.:/usr/share/php:/usr/share/pear') in /home/ubuntu/workspace/cst336/labs/6/api/getSearchResults.php on line 2
[26-Mar-2019 19:09:30 UTC] PHP Stack trace:
[26-Mar-2019 19:09:30 UTC] PHP   1. {main}() /home/ubuntu/workspace/cst336/labs/6/api/getSearchResults.php:0
[26-Mar-2019 19:09:30 UTC] PHP Fatal error:  Call to undefined function getDatabaseConnection() in /home/ubuntu/workspace/cst336/labs/6/api/getSearchResults.php on line 3
[26-Mar-2019 19:09:30 UTC] PHP Stack trace:
[26-Mar-2019 19:09:30 UTC] PHP   1. {main}() /home/ubuntu/workspace/cst336/labs/6/api/getSearchResults.php:0
[26-Mar-2019 19:09:50 UTC] PHP Fatal error:  Uncaught exception 'PDOException' with message 'SQLSTATE[3D000]: Invalid catalog name: 1046 No database selected' in /home/ubuntu/workspace/cst336/labs/6/api/getCategories.php:9
Stack trace:
#0 /home/ubuntu/workspace/cst336/labs/6/api/getCategories.php(9): PDOStatement->execute()
#1 {main}
  thrown in /home/ubuntu/workspace/cst336/labs/6/api/getCategories.php on line 9
[26-Mar-2019 19:09:54 UTC] PHP Fatal error:  Uncaught exception 'PDOException' with message 'SQLSTATE[3D000]: Invalid catalog name: 1046 No database selected' in /home/ubuntu/workspace/cst336/labs/6/api/getSearchResults.php:36
Stack trace:
#0 /home/ubuntu/workspace/cst336/labs/6/api/getSearchResults.php(36): PDOStatement->execute(Array)
#1 {main}
  thrown in /home/ubuntu/workspace/cst336/labs/6/api/getSearchResults.php on line 36
[26-Mar-2019 19:09:55 UTC] PHP Fatal error:  Uncaught exception 'PDOException' with message 'SQLSTATE[3D000]: Invalid catalog name: 1046 No database selected' in /home/ubuntu/workspace/cst336/labs/6/api/getSearchResults.php:36
Stack trace:
#0 /home/ubuntu/workspace/cst336/labs/6/api/getSearchResults.php(36): PDOStatement->execute(Array)
#1 {main}
  thrown in /home/ubuntu/workspace/cst336/labs/6/api/getSearchResults.php on line 36
[26-Mar-2019 19:09:55 UTC] PHP Fatal error:  Uncaught exception 'PDOException' with message 'SQLSTATE[3D000]: Invalid catalog name: 1046 No database selected' in /home/ubuntu/workspace/cst336/labs/6/api/getSearchResults.php:36
Stack trace:
#0 /home/ubuntu/workspace/cst336/labs/6/api/getSearchResults.php(36): PDOStatement->execute(Array)
#1 {main}
  thrown in /home/ubuntu/workspace/cst336/labs/6/api/getSearchResults.php on line 36
[26-Mar-2019 19:10:30 UTC] PHP Fatal error:  Uncaught exception 'PDOException' with message 'SQLSTATE[3D000]: Invalid catalog name: 1046 No database selected' in /home/ubuntu/workspace/cst336/labs/6/api/getCategories.php:9
Stack trace:
#0 /home/ubuntu/workspace/cst336/labs/6/api/getCategories.php(9): PDOStatement->execute()
#1 {main}
  thrown in /home/ubuntu/workspace/cst336/labs/6/api/getCategories.php on line 9
[26-Mar-2019 19:10:45 UTC] PHP Fatal error:  Uncaught exception 'PDOException' with message 'SQLSTATE[3D000]: Invalid catalog name: 1046 No database selected' in /home/ubuntu/workspace/cst336/labs/6/api/getCategories.php:9
Stack trace:
#0 /home/ubuntu/workspace/cst336/labs/6/api/getCategories.php(9): PDOStatement->execute()
#1 {main}
  thrown in /home/ubuntu/workspace/cst336/labs/6/api/getCategories.php on line 9
[26-Mar-2019 19:11:19 UTC] PHP Fatal error:  Uncaught exception 'PDOException' with message 'SQLSTATE[3D000]: Invalid catalog name: 1046 No database selected' in /home/ubuntu/workspace/cst336/labs/6/api/getCategories.php:9
Stack trace:
#0 /home/ubuntu/workspace/cst336/labs/6/api/getCategories.php(9): PDOStatement->execute()
#1 {main}
  thrown in /home/ubuntu/workspace/cst336/labs/6/api/getCategories.php on line 9
[27-Mar-2019 18:54:45 UTC] PHP Warning:  include(inc/dbConnection.php): failed to open stream: No such file or directory in /home/ubuntu/workspace/cst336/labs/6/api/getSearchResults.php on line 2
[27-Mar-2019 18:54:46 UTC] PHP Stack trace:
[27-Mar-2019 18:54:46 UTC] PHP   1. {main}() /home/ubuntu/workspace/cst336/labs/6/api/getSearchResults.php:0
[27-Mar-2019 18:54:46 UTC] PHP Warning:  include(): Failed opening 'inc/dbConnection.php' for inclusion (include_path='.:/usr/share/php:/usr/share/pear') in /home/ubuntu/workspace/cst336/labs/6/api/getSearchResults.php on line 2
[27-Mar-2019 18:54:46 UTC] PHP Stack trace:
[27-Mar-2019 18:54:46 UTC] PHP   1. {main}() /home/ubuntu/workspace/cst336/labs/6/api/getSearchResults.php:0
[27-Mar-2019 18:54:46 UTC] PHP Fatal error:  Call to undefined function getDatabaseConnection() in /home/ubuntu/workspace/cst336/labs/6/api/getSearchResults.php on line 3
[27-Mar-2019 18:54:46 UTC] PHP Stack trace:
[27-Mar-2019 18:54:46 UTC] PHP   1. {main}() /home/ubuntu/workspace/cst336/labs/6/api/getSearchResults.php:0
[09-Apr-2019 00:10:37 UTC] PHP Fatal error:  Uncaught exception 'PDOException' with message 'SQLSTATE[HY000] [1045] Access denied for user 'jahenderson'@'localhost' (using password: NO)' in /home/ubuntu/workspace/cst336/labs/lab7/dashboard/login.php:34
Stack trace:
#0 /home/ubuntu/workspace/cst336/labs/lab7/dashboard/login.php(34): PDO->__construct('mysql:host=127....', 'jahenderson', '')
#1 {main}
  thrown in /home/ubuntu/workspace/cst336/labs/lab7/dashboard/login.php on line 34
[09-Apr-2019 00:10:50 UTC] PHP Fatal error:  Uncaught exception 'PDOException' with message 'SQLSTATE[HY000] [1045] Access denied for user 'jahenderson'@'localhost' (using password: NO)' in /home/ubuntu/workspace/cst336/labs/lab7/dashboard/login.php:34
Stack trace:
#0 /home/ubuntu/workspace/cst336/labs/lab7/dashboard/login.php(34): PDO->__construct('mysql:host=127....', 'jahenderson', '')
#1 {main}
  thrown in /home/ubuntu/workspace/cst336/labs/lab7/dashboard/login.php on line 34
[09-Apr-2019 00:10:52 UTC] PHP Fatal error:  Uncaught exception 'PDOException' with message 'SQLSTATE[HY000] [1045] Access denied for user 'jahenderson'@'localhost' (using password: NO)' in /home/ubuntu/workspace/cst336/labs/lab7/dashboard/login.php:34
Stack trace:
#0 /home/ubuntu/workspace/cst336/labs/lab7/dashboard/login.php(34): PDO->__construct('mysql:host=127....', 'jahenderson', '')
#1 {main}
  thrown in /home/ubuntu/workspace/cst336/labs/lab7/dashboard/login.php on line 34
[09-Apr-2019 00:10:52 UTC] PHP Fatal error:  Uncaught exception 'PDOException' with message 'SQLSTATE[HY000] [1045] Access denied for user 'jahenderson'@'localhost' (using password: NO)' in /home/ubuntu/workspace/cst336/labs/lab7/dashboard/login.php:34
Stack trace:
#0 /home/ubuntu/workspace/cst336/labs/lab7/dashboard/login.php(34): PDO->__construct('mysql:host=127....', 'jahenderson', '')
#1 {main}
  thrown in /home/ubuntu/workspace/cst336/labs/lab7/dashboard/login.php on line 34
[09-Apr-2019 00:10:53 UTC] PHP Fatal error:  Uncaught exception 'PDOException' with message 'SQLSTATE[HY000] [1045] Access denied for user 'jahenderson'@'localhost' (using password: NO)' in /home/ubuntu/workspace/cst336/labs/lab7/dashboard/login.php:34
Stack trace:
#0 /home/ubuntu/workspace/cst336/labs/lab7/dashboard/login.php(34): PDO->__construct('mysql:host=127....', 'jahenderson', '')
#1 {main}
  thrown in /home/ubuntu/workspace/cst336/labs/lab7/dashboard/login.php on line 34
[09-Apr-2019 00:10:59 UTC] PHP Fatal error:  Uncaught exception 'PDOException' with message 'SQLSTATE[HY000] [1045] Access denied for user 'jahenderson'@'localhost' (using password: NO)' in /home/ubuntu/workspace/cst336/labs/lab7/dashboard/login.php:34
Stack trace:
#0 /home/ubuntu/workspace/cst336/labs/lab7/dashboard/login.php(34): PDO->__construct('mysql:host=127....', 'jahenderson', '')
#1 {main}
  thrown in /home/ubuntu/workspace/cst336/labs/lab7/dashboard/login.php on line 34
[09-Apr-2019 00:11:03 UTC] PHP Fatal error:  Uncaught exception 'PDOException' with message 'SQLSTATE[HY000] [1045] Access denied for user 'jahenderson'@'localhost' (using password: NO)' in /home/ubuntu/workspace/cst336/labs/lab7/dashboard/login.php:34
Stack trace:
#0 /home/ubuntu/workspace/cst336/labs/lab7/dashboard/login.php(34): PDO->__construct('mysql:host=127....', 'jahenderson', '')
#1 {main}
  thrown in /home/ubuntu/workspace/cst336/labs/lab7/dashboard/login.php on line 34
[09-Apr-2019 00:11:47 UTC] PHP Fatal error:  Uncaught exception 'PDOException' with message 'SQLSTATE[HY000] [1045] Access denied for user 'jahenderson'@'localhost' (using password: NO)' in /home/ubuntu/workspace/cst336/labs/lab7/dashboard/login.php:34
Stack trace:
#0 /home/ubuntu/workspace/cst336/labs/lab7/dashboard/login.php(34): PDO->__construct('mysql:host=127....', 'jahenderson', '')
#1 {main}
  thrown in /home/ubuntu/workspace/cst336/labs/lab7/dashboard/login.php on line 34
[09-Apr-2019 00:14:58 UTC] PHP Warning:  PDO::__construct(): php_network_getaddresses: getaddrinfo failed: Name or service not known in /home/ubuntu/workspace/cst336/labs/lab7/dashboard/login.php on line 34
[09-Apr-2019 00:14:58 UTC] PHP Stack trace:
[09-Apr-2019 00:14:58 UTC] PHP   1. {main}() /home/ubuntu/workspace/cst336/labs/lab7/dashboard/login.php:0
[09-Apr-2019 00:14:58 UTC] PHP   2. PDO->__construct() /home/ubuntu/workspace/cst336/labs/lab7/dashboard/login.php:34
[09-Apr-2019 00:14:58 UTC] PHP Fatal error:  Uncaught exception 'PDOException' with message 'SQLSTATE[HY000] [2002] php_network_getaddresses: getaddrinfo failed: Name or service not known' in /home/ubuntu/workspace/cst336/labs/lab7/dashboard/login.php:34
Stack trace:
#0 /home/ubuntu/workspace/cst336/labs/lab7/dashboard/login.php(34): PDO->__construct('mysql:host=loca...', 'peerni95', '')
#1 {main}
  thrown in /home/ubuntu/workspace/cst336/labs/lab7/dashboard/login.php on line 34
[15-Apr-2019 17:27:14 UTC] PHP Fatal error:  Uncaught exception 'PDOException' with message 'SQLSTATE[21S01]: Insert value list does not match column list: 1136 Column count doesn't match value count at row 1' in /home/ubuntu/workspace/cst336/labs/lab7/admin/add.php:19
Stack trace:
#0 /home/ubuntu/workspace/cst336/labs/lab7/admin/add.php(19): PDOStatement->execute()
#1 {main}
  thrown in /home/ubuntu/workspace/cst336/labs/lab7/admin/add.php on line 19
[15-Apr-2019 17:29:08 UTC] PHP Fatal error:  Uncaught exception 'PDOException' with message 'SQLSTATE[42000]: Syntax error or access violation: 1064 You have an error in your SQL syntax; check the manual that corresponds to your MySQL server version for the right syntax to use near '', '', '', '', '', NOW())' at line 2' in /home/ubuntu/workspace/cst336/labs/lab7/admin/add.php:20
Stack trace:
#0 /home/ubuntu/workspace/cst336/labs/lab7/admin/add.php(20): PDOStatement->execute()
#1 {main}
  thrown in /home/ubuntu/workspace/cst336/labs/lab7/admin/add.php on line 20
[15-Apr-2019 17:29:14 UTC] PHP Fatal error:  Uncaught exception 'PDOException' with message 'SQLSTATE[42000]: Syntax error or access violation: 1065 Query was empty' in /home/ubuntu/workspace/cst336/labs/lab7/admin/add.php:20
Stack trace:
#0 /home/ubuntu/workspace/cst336/labs/lab7/admin/add.php(20): PDOStatement->execute()
#1 {main}
  thrown in /home/ubuntu/workspace/cst336/labs/lab7/admin/add.php on line 20
